D:\DEV GAME\LOSA-LAUNCHER-MAIN\LSWEBROKER\RELEASE\CDIALOGSK.OBJ
D:\DEV GAME\LOSA-LAUNCHER-MAIN\LSWEBROKER\RELEASE\CJSON.OBJ
D:\DEV GAME\losa-launcher-main\lswebroker\Release\CL.12280.read.1.tlog
D:\DEV GAME\losa-launcher-main\lswebroker\Release\CL.12280.write.1.tlog
D:\DEV GAME\losa-launcher-main\lswebroker\Release\CL.17704.read.1.tlog
D:\DEV GAME\losa-launcher-main\lswebroker\Release\CL.17704.write.1.tlog
D:\DEV GAME\losa-launcher-main\lswebroker\Release\CL.17828.read.1.tlog
D:\DEV GAME\losa-launcher-main\lswebroker\Release\CL.17828.write.1.tlog
D:\DEV GAME\losa-launcher-main\lswebroker\Release\CL.18704.read.1.tlog
D:\DEV GAME\losa-launcher-main\lswebroker\Release\CL.18704.write.1.tlog
D:\DEV GAME\losa-launcher-main\lswebroker\Release\cl.command.1.tlog
D:\DEV GAME\losa-launcher-main\lswebroker\Release\CL.read.1.tlog
D:\DEV GAME\losa-launcher-main\lswebroker\Release\CL.write.1.tlog
D:\DEV GAME\LOSA-LAUNCHER-MAIN\LSWEBROKER\RELEASE\CPU_INFO.OBJ
D:\DEV GAME\LOSA-LAUNCHER-MAIN\LSWEBROKER\RELEASE\CRC32STATIC.OBJ
D:\DEV GAME\LOSA-LAUNCHER-MAIN\LSWEBROKER\RELEASE\HELPFUNC.OBJ
D:\DEV GAME\LOSA-LAUNCHER-MAIN\LSWEBROKER\RELEASE\HOVERBUTTON.OBJ
D:\DEV GAME\LOSA-LAUNCHER-MAIN\LSWEBROKER\RELEASE\HTTPAPP.OBJ
D:\DEV GAME\LOSA-LAUNCHER-MAIN\LSWEBROKER\RELEASE\HTTPMANAGER.OBJ
D:\DEV GAME\LOSA-LAUNCHER-MAIN\LSWEBROKER\RELEASE\IOENCRYPTED.OBJ
D:\DEV GAME\LOSA-LAUNCHER-MAIN\LSWEBROKER\RELEASE\IOERRORDLG.OBJ
D:\DEV GAME\LOSA-LAUNCHER-MAIN\LSWEBROKER\RELEASE\IOHASHSTRING.OBJ
D:\DEV GAME\LOSA-LAUNCHER-MAIN\LSWEBROKER\RELEASE\IOINILOADERAU.OBJ
D:\DEV GAME\LOSA-LAUNCHER-MAIN\LSWEBROKER\RELEASE\IOLOCALCHINA.OBJ
D:\DEV GAME\LOSA-LAUNCHER-MAIN\LSWEBROKER\RELEASE\IOLOCALCHINALANGUAGE.OBJ
D:\DEV GAME\LOSA-LAUNCHER-MAIN\LSWEBROKER\RELEASE\IOLOCALDLG.OBJ
D:\DEV GAME\LOSA-LAUNCHER-MAIN\LSWEBROKER\RELEASE\IOLOCALEU.OBJ
D:\DEV GAME\LOSA-LAUNCHER-MAIN\LSWEBROKER\RELEASE\IOLOCALGERMANY.OBJ
D:\DEV GAME\LOSA-LAUNCHER-MAIN\LSWEBROKER\RELEASE\IOLOCALINDONESIA.OBJ
D:\DEV GAME\LOSA-LAUNCHER-MAIN\LSWEBROKER\RELEASE\IOLOCALJAPAN.OBJ
D:\DEV GAME\LOSA-LAUNCHER-MAIN\LSWEBROKER\RELEASE\IOLOCALJAPANLANGUAGE.OBJ
D:\DEV GAME\LOSA-LAUNCHER-MAIN\LSWEBROKER\RELEASE\IOLOCALKOREA.OBJ
D:\DEV GAME\LOSA-LAUNCHER-MAIN\LSWEBROKER\RELEASE\IOLOCALLATIN.OBJ
D:\DEV GAME\LOSA-LAUNCHER-MAIN\LSWEBROKER\RELEASE\IOLOCALMANAGER.OBJ
D:\DEV GAME\LOSA-LAUNCHER-MAIN\LSWEBROKER\RELEASE\IOLOCALPARENT.OBJ
D:\DEV GAME\LOSA-LAUNCHER-MAIN\LSWEBROKER\RELEASE\IOLOCALSINGAPORE.OBJ
D:\DEV GAME\LOSA-LAUNCHER-MAIN\LSWEBROKER\RELEASE\IOLOCALTAIWAN.OBJ
D:\DEV GAME\LOSA-LAUNCHER-MAIN\LSWEBROKER\RELEASE\IOLOCALTAIWANLANGUAGE.OBJ
D:\DEV GAME\LOSA-LAUNCHER-MAIN\LSWEBROKER\RELEASE\IOLOCALTHAILAND.OBJ
D:\DEV GAME\LOSA-LAUNCHER-MAIN\LSWEBROKER\RELEASE\IOLOCALTHAILANDLANGUAGE.OBJ
D:\DEV GAME\LOSA-LAUNCHER-MAIN\LSWEBROKER\RELEASE\IOLOCALUS.OBJ
D:\DEV GAME\LOSA-LAUNCHER-MAIN\LSWEBROKER\RELEASE\IOLOGINDLG.OBJ
D:\DEV GAME\LOSA-LAUNCHER-MAIN\LSWEBROKER\RELEASE\IOPROGRESSBAR.OBJ
D:\DEV GAME\LOSA-LAUNCHER-MAIN\LSWEBROKER\RELEASE\IOSINGLETON.OBJ
D:\DEV GAME\LOSA-LAUNCHER-MAIN\LSWEBROKER\RELEASE\IOSTRINGMANAGER.OBJ
D:\DEV GAME\losa-launcher-main\lswebroker\Release\link.command.1.tlog
D:\DEV GAME\losa-launcher-main\lswebroker\Release\link.read.1.tlog
D:\DEV GAME\losa-launcher-main\lswebroker\Release\link.write.1.tlog
D:\DEV GAME\losa-launcher-main\lswebroker\Release\link-cvtres.read.1.tlog
D:\DEV GAME\losa-launcher-main\lswebroker\Release\link-cvtres.write.1.tlog
D:\DEV GAME\LOSA-LAUNCHER-MAIN\LSWEBROKER\RELEASE\LSWEBBROKER.EXE
D:\DEV GAME\LOSA-LAUNCHER-MAIN\LSWEBROKER\RELEASE\LSWEBBROKER.EXE.INTERMEDIATE.MANIFEST
D:\DEV GAME\LOSA-LAUNCHER-MAIN\LSWEBROKER\RELEASE\LSWEBBROKER.OBJ
D:\DEV GAME\LOSA-LAUNCHER-MAIN\LSWEBROKER\RELEASE\LSWEBBROKER.PCH
D:\DEV GAME\LOSA-LAUNCHER-MAIN\LSWEBROKER\RELEASE\LSWEBBROKER.PDB
D:\DEV GAME\LOSA-LAUNCHER-MAIN\LSWEBROKER\RELEASE\LSWEBBROKER.RES
D:\DEV GAME\losa-launcher-main\lswebroker\Release\LSWebBroker.write.1.tlog
D:\DEV GAME\LOSA-LAUNCHER-MAIN\LSWEBROKER\RELEASE\MAINFRM.OBJ
D:\DEV GAME\losa-launcher-main\lswebroker\Release\mt.command.1.tlog
D:\DEV GAME\losa-launcher-main\lswebroker\Release\mt.read.1.tlog
D:\DEV GAME\losa-launcher-main\lswebroker\Release\mt.write.1.tlog
D:\DEV GAME\losa-launcher-main\lswebroker\Release\rc.command.1.tlog
D:\DEV GAME\losa-launcher-main\lswebroker\Release\rc.read.1.tlog
D:\DEV GAME\losa-launcher-main\lswebroker\Release\rc.write.1.tlog
D:\DEV GAME\LOSA-LAUNCHER-MAIN\LSWEBROKER\RELEASE\SAFESPRINTF.OBJ
D:\DEV GAME\LOSA-LAUNCHER-MAIN\LSWEBROKER\RELEASE\SEED.OBJ
D:\DEV GAME\LOSA-LAUNCHER-MAIN\LSWEBROKER\RELEASE\SEEDENC.OBJ
D:\DEV GAME\LOSA-LAUNCHER-MAIN\LSWEBROKER\RELEASE\SETUPANDSTART.OBJ
D:\DEV GAME\LOSA-LAUNCHER-MAIN\LSWEBROKER\RELEASE\SETUPFOLDERDLG.OBJ
D:\DEV GAME\LOSA-LAUNCHER-MAIN\LSWEBROKER\RELEASE\STDAFX.OBJ
D:\DEV GAME\LOSA-LAUNCHER-MAIN\LSWEBROKER\RELEASE\SYSTEMINFO.OBJ
D:\DEV GAME\LOSA-LAUNCHER-MAIN\LSWEBROKER\RELEASE\TIMEOUTSOCKET.OBJ
D:\DEV GAME\LOSA-LAUNCHER-MAIN\LSWEBROKER\RELEASE\TRAYICON.OBJ
D:\DEV GAME\LOSA-LAUNCHER-MAIN\LSWEBROKER\RELEASE\VC100.PDB
Release\LSWebBroker.pdb
